c:\users\user\source\repos\opengl-demo\opengl-demo\debug\vc141.pdb
c:\users\user\source\repos\opengl-demo\opengl-demo\debug\vc141.idb
c:\users\user\source\repos\opengl-demo\opengl-demo\debug\glad.obj
c:\users\user\source\repos\opengl-demo\opengl-demo\debug\shader.obj
c:\users\user\source\repos\opengl-demo\opengl-demo\debug\main.obj
c:\users\user\source\repos\opengl-demo\opengl-demo\debug\texture2d.obj
c:\users\user\source\repos\opengl-demo\opengl-demo\debug\glwindow.obj
c:\users\user\source\repos\opengl-demo\debug\opengl-demo.exe
c:\users\user\source\repos\opengl-demo\debug\opengl-demo.ilk
c:\users\user\source\repos\opengl-demo\opengl-demo\debug\opengl-demo.res
c:\users\user\source\repos\opengl-demo\opengl-demo\debug\window.obj
c:\users\user\source\repos\opengl-demo\opengl-demo\debug\opengl-demo.tlog\cl.command.1.tlog
c:\users\user\source\repos\opengl-demo\opengl-demo\debug\opengl-demo.tlog\cl.read.1.tlog
c:\users\user\source\repos\opengl-demo\opengl-demo\debug\opengl-demo.tlog\cl.write.1.tlog
c:\users\user\source\repos\opengl-demo\opengl-demo\debug\opengl-demo.tlog\link.command.1.tlog
c:\users\user\source\repos\opengl-demo\opengl-demo\debug\opengl-demo.tlog\link.read.1.tlog
c:\users\user\source\repos\opengl-demo\opengl-demo\debug\opengl-demo.tlog\link.write.1.tlog
c:\users\user\source\repos\opengl-demo\opengl-demo\debug\opengl-demo.tlog\rc.command.1.tlog
c:\users\user\source\repos\opengl-demo\opengl-demo\debug\opengl-demo.tlog\rc.read.1.tlog
c:\users\user\source\repos\opengl-demo\opengl-demo\debug\opengl-demo.tlog\rc.write.1.tlog
